<?xml version="1.0" encoding="UTF-8"?>
<!-- Generated by org.testng.reporters.JUnitReportReporter -->
<testsuite hostname="DESKTOP-LTU6D8L" failures="0" tests="1" name="com.BankingMini.testCases.TC_LoginTest_001" time="3.008" errors="0" timestamp="2022-04-30T22:58:11 IST" skipped="0">
  <testcase classname="com.BankingMini.testCases.TC_LoginTest_001" name="loginTest" time="3.008"/>
  <system-out/>
</testsuite> <!-- com.BankingMini.testCases.TC_LoginTest_001 -->
