<?xml version="1.0" encoding="UTF-8"?>
<!-- Generated by org.testng.reporters.JUnitReportReporter -->
<testsuite hostname="DESKTOP-LTU6D8L" failures="0" tests="1" name="com.BankingMini.testCases.TC_AddCustomerTest_003" time="24.179" errors="0" timestamp="2022-04-30T22:39:05 IST" skipped="0">
  <testcase classname="com.BankingMini.testCases.TC_AddCustomerTest_003" name="addNewCustomer" time="24.179"/>
  <system-out/>
</testsuite> <!-- com.BankingMini.testCases.TC_AddCustomerTest_003 -->
