<?xml version="1.0" encoding="UTF-8"?>
<!-- Generated by org.testng.reporters.JUnitReportReporter -->
<testsuite hostname="DESKTOP-LTU6D8L" failures="0" tests="1" name="com.BankingMini.testCases.TC_LoginTest_001" time="4.251" errors="0" timestamp="2022-05-02T19:56:09 IST" skipped="0">
  <testcase classname="com.BankingMini.testCases.TC_LoginTest_001" name="loginTest" time="4.251"/>
  <system-out/>
</testsuite> <!-- com.BankingMini.testCases.TC_LoginTest_001 -->
